d:\game patern final\game\iloveopengl\x64\release\vc142.pdb
d:\game patern final\game\iloveopengl\x64\release\ctexturefrombmp.obj
d:\game patern final\game\iloveopengl\x64\release\cbasictexturemanager.obj
d:\game patern final\game\iloveopengl\x64\release\c24bitbmppixel.obj
d:\game patern final\game\iloveopengl\x64\release\startup.obj
d:\game patern final\game\iloveopengl\x64\release\shutdown.obj
d:\game patern final\game\iloveopengl\x64\release\load3dmodels.obj
d:\game patern final\game\iloveopengl\x64\release\inputhandling.obj
d:\game patern final\game\iloveopengl\x64\release\globalthings.obj
d:\game patern final\game\iloveopengl\x64\release\glfw_key_callback.obj
d:\game patern final\game\iloveopengl\x64\release\glfw_error_callback.obj
d:\game patern final\game\iloveopengl\x64\release\drawobject_function.obj
d:\game patern final\game\iloveopengl\x64\release\cwincontextmenu.obj
d:\game patern final\game\iloveopengl\x64\release\cvaomanager.obj
d:\game patern final\game\iloveopengl\x64\release\cshadermanager.obj
d:\game patern final\game\iloveopengl\x64\release\cshader.obj
d:\game patern final\game\iloveopengl\x64\release\cmesh.obj
d:\game patern final\game\iloveopengl\x64\release\clightmanager.obj
d:\game patern final\game\iloveopengl\x64\release\clighthelper.obj
d:\game patern final\game\iloveopengl\x64\release\cgflwkeyboardmodifiers.obj
d:\game patern final\game\iloveopengl\x64\release\cflycamera.obj
d:\game patern final\game\iloveopengl\x64\release\themainonlyblackscreen.obj
d:\game patern final\game\iloveopengl\x64\release\glad.obj
d:\game patern final\game\iloveopengl\x64\release\themain.obj
d:\game patern final\game\x64\release\iloveopengl.exe
d:\game patern final\game\iloveopengl\x64\release\iloveopengl.ipdb
d:\game patern final\game\iloveopengl\x64\release\iloveopengl.iobj
d:\game patern final\game\x64\release\iloveopengl.pdb
d:\game patern final\game\iloveopengl\x64\release\iloveopengl.tlog\cl.command.1.tlog
d:\game patern final\game\iloveopengl\x64\release\iloveopengl.tlog\cl.read.1.tlog
d:\game patern final\game\iloveopengl\x64\release\iloveopengl.tlog\cl.write.1.tlog
d:\game patern final\game\iloveopengl\x64\release\iloveopengl.tlog\link.command.1.tlog
d:\game patern final\game\iloveopengl\x64\release\iloveopengl.tlog\link.read.1.tlog
d:\game patern final\game\iloveopengl\x64\release\iloveopengl.tlog\link.write.1.tlog
